<?xml version="1.0" encoding="UTF-8"?>
<testsuite name="geonames.get.GeographicalDataGetRunner" tests="16" skipped="0" failures="0" errors="0" timestamp="2024-01-02T19:10:59" hostname="mcarnine-Xubuntu" time="12.137">
  <properties/>
  <testcase name="[1.1:23] Get geographical data of a country" classname="geonames.get.GeographicalDataGetRunner" time="3.559"/>
  <testcase name="[1.2:24] Get geographical data of a country" classname="geonames.get.GeographicalDataGetRunner" time="0.482"/>
  <testcase name="[1.3:25] Get geographical data of a country" classname="geonames.get.GeographicalDataGetRunner" time="0.406"/>
  <testcase name="[1.4:26] Get geographical data of a country" classname="geonames.get.GeographicalDataGetRunner" time="0.5"/>
  <testcase name="[1.5:27] Get geographical data of a country" classname="geonames.get.GeographicalDataGetRunner" time="0.468"/>
  <testcase name="[1.6:28] Get geographical data of a country" classname="geonames.get.GeographicalDataGetRunner" time="0.345"/>
  <testcase name="[2.1:38] Get geographical data of Colombia" classname="geonames.get.GeographicalDataGetRunner" time="0.49"/>
  <testcase name="[3.1:48] Get geographical data of a country with parameters invalid" classname="geonames.get.GeographicalDataGetRunner" time="0.447"/>
  <testcase name="[3.2:49] Get geographical data of a country with parameters invalid" classname="geonames.get.GeographicalDataGetRunner" time="0.492"/>
  <testcase name="[3.3:50] Get geographical data of a country with parameters invalid" classname="geonames.get.GeographicalDataGetRunner" time="0.503"/>
  <testcase name="[3.4:51] Get geographical data of a country with parameters invalid" classname="geonames.get.GeographicalDataGetRunner" time="0.435"/>
  <testcase name="[3.5:52] Get geographical data of a country with parameters invalid" classname="geonames.get.GeographicalDataGetRunner" time="0.426"/>
  <testcase name="[4.1:62] Get geographical data of a country that does not have information" classname="geonames.get.GeographicalDataGetRunner" time="0.469"/>
  <testcase name="[4.2:63] Get geographical data of a country that does not have information" classname="geonames.get.GeographicalDataGetRunner" time="0.408"/>
  <testcase name="[5.1:73] Get geographical data of a country with latitude and longitude invalid" classname="geonames.get.GeographicalDataGetRunner" time="0.503"/>
  <testcase name="[5.2:74] Get geographical data of a country with latitude and longitude invalid" classname="geonames.get.GeographicalDataGetRunner" time="2.178"/>
  <system-out><![CDATA[13:10:59.616 [Test worker] DEBUG com.intuit.karate.Suite - [config] classpath:karate-config.js
13:11:02.248 [Test worker] DEBUG com.intuit.karate - request:
1 > GET http://api.geonames.org/timezoneJSON?lng=-72&formatted=true&lat=4&username=karate
1 > Host: api.geonames.org
1 > Connection: Keep-Alive
1 > User-Agent: Apache-HttpClient/4.5.13 (Java/11.0.14.1)
1 > Accept-Encoding: gzip,deflate


13:11:03.195 [Test worker] DEBUG com.intuit.karate - response time in milliseconds: 945
1 < 200
1 < Date: Tue, 02 Jan 2024 19:11:03 GMT
1 < Server: Apache/2.4.6 (CentOS) mod_jk/1.2.41 OpenSSL/1.0.1e-fips PHP/5.4.16
1 < Access-Control-Allow-Origin: *
1 < X-Frame-Options: sameorigin
1 < Cache-Control: no-cache
1 < Keep-Alive: timeout=5, max=100
1 < Connection: Keep-Alive
1 < Transfer-Encoding: chunked
1 < Content-Type: application/json;charset=UTF-8
{
  "sunrise": "2024-01-02 05:54",
  "lng": -72,
  "countryCode": "CO",
  "gmtOffset": -5,
  "rawOffset": -5,
  "sunset": "2024-01-02 17:48",
  "timezoneId": "America/Bogota",
  "dstOffset": -5,
  "countryName": "Colombia",
  "time": "2024-01-02 14:11",
  "lat": 4
}

13:11:03.245 [Test worker] DEBUG com.intuit.karate - request:
1 > GET http://api.geonames.org/timezoneJSON?lng=-8&formatted=true&lat=8&username=karate
1 > Host: api.geonames.org
1 > Connection: Keep-Alive
1 > User-Agent: Apache-HttpClient/4.5.13 (Java/11.0.14.1)
1 > Accept-Encoding: gzip,deflate


13:11:03.681 [Test worker] DEBUG com.intuit.karate - response time in milliseconds: 436
1 < 200
1 < Date: Tue, 02 Jan 2024 19:11:03 GMT
1 < Server: Apache/2.4.6 (CentOS) mod_jk/1.2.41 OpenSSL/1.0.1e-fips PHP/5.4.16
1 < Access-Control-Allow-Origin: *
1 < X-Frame-Options: sameorigin
1 < Cache-Control: no-cache
1 < Keep-Alive: timeout=5, max=100
1 < Connection: Keep-Alive
1 < Transfer-Encoding: chunked
1 < Content-Type: application/json;charset=UTF-8
{
  "sunrise": "2024-01-02 06:45",
  "lng": -8,
  "countryCode": "CI",
  "gmtOffset": 0,
  "rawOffset": 0,
  "sunset": "2024-01-02 18:25",
  "timezoneId": "Africa/Abidjan",
  "dstOffset": 0,
  "countryName": "Ivory Coast",
  "time": "2024-01-02 19:11",
  "lat": 8
}

13:11:03.725 [Test worker] DEBUG com.intuit.karate - request:
1 > GET http://api.geonames.org/timezoneJSON?lng=-72.5&formatted=true&lat=4.2&username=karate
1 > Host: api.geonames.org
1 > Connection: Keep-Alive
1 > User-Agent: Apache-HttpClient/4.5.13 (Java/11.0.14.1)
1 > Accept-Encoding: gzip,deflate


13:11:04.097 [Test worker] DEBUG com.intuit.karate - response time in milliseconds: 371
1 < 200
1 < Date: Tue, 02 Jan 2024 19:11:03 GMT
1 < Server: Apache/2.4.6 (CentOS) mod_jk/1.2.41 OpenSSL/1.0.1e-fips PHP/5.4.16
1 < Access-Control-Allow-Origin: *
1 < X-Frame-Options: sameorigin
1 < Cache-Control: no-cache
1 < Keep-Alive: timeout=5, max=100
1 < Connection: Keep-Alive
1 < Transfer-Encoding: chunked
1 < Content-Type: application/json;charset=UTF-8
{
  "sunrise": "2024-01-02 05:57",
  "lng": -72.5,
  "countryCode": "CO",
  "gmtOffset": -5,
  "rawOffset": -5,
  "sunset": "2024-01-02 17:50",
  "timezoneId": "America/Bogota",
  "dstOffset": -5,
  "countryName": "Colombia",
  "time": "2024-01-02 14:11",
  "lat": 4.2
}

13:11:04.135 [Test worker] DEBUG com.intuit.karate - request:
1 > GET http://api.geonames.org/timezoneJSON?lng=-72&formatted=true&lat=0&username=karate
1 > Host: api.geonames.org
1 > Connection: Keep-Alive
1 > User-Agent: Apache-HttpClient/4.5.13 (Java/11.0.14.1)
1 > Accept-Encoding: gzip,deflate


13:11:04.602 [Test worker] DEBUG com.intuit.karate - response time in milliseconds: 463
1 < 200
1 < Date: Tue, 02 Jan 2024 19:11:04 GMT
1 < Server: Apache/2.4.6 (CentOS) mod_jk/1.2.41 OpenSSL/1.0.1e-fips PHP/5.4.16
1 < Access-Control-Allow-Origin: *
1 < X-Frame-Options: sameorigin
1 < Cache-Control: no-cache
1 < Keep-Alive: timeout=5, max=100
1 < Connection: Keep-Alive
1 < Transfer-Encoding: chunked
1 < Content-Type: application/json;charset=UTF-8
{
  "sunrise": "2024-01-02 05:48",
  "lng": -72,
  "countryCode": "CO",
  "gmtOffset": -5,
  "rawOffset": -5,
  "sunset": "2024-01-02 17:55",
  "timezoneId": "America/Bogota",
  "dstOffset": -5,
  "countryName": "Colombia",
  "time": "2024-01-02 14:11",
  "lat": 0
}

13:11:04.679 [Test worker] DEBUG com.intuit.karate - request:
1 > GET http://api.geonames.org/timezoneJSON?lng=-8f&formatted=true&lat=8&username=karate
1 > Host: api.geonames.org
1 > Connection: Keep-Alive
1 > User-Agent: Apache-HttpClient/4.5.13 (Java/11.0.14.1)
1 > Accept-Encoding: gzip,deflate


13:11:05.075 [Test worker] DEBUG com.intuit.karate - response time in milliseconds: 395
1 < 200
1 < Date: Tue, 02 Jan 2024 19:11:04 GMT
1 < Server: Apache/2.4.6 (CentOS) mod_jk/1.2.41 OpenSSL/1.0.1e-fips PHP/5.4.16
1 < Access-Control-Allow-Origin: *
1 < X-Frame-Options: sameorigin
1 < Cache-Control: no-cache
1 < Keep-Alive: timeout=5, max=100
1 < Connection: Keep-Alive
1 < Transfer-Encoding: chunked
1 < Content-Type: application/json;charset=UTF-8
{
  "sunrise": "2024-01-02 06:45",
  "lng": -8,
  "countryCode": "CI",
  "gmtOffset": 0,
  "rawOffset": 0,
  "sunset": "2024-01-02 18:25",
  "timezoneId": "Africa/Abidjan",
  "dstOffset": 0,
  "countryName": "Ivory Coast",
  "time": "2024-01-02 19:11",
  "lat": 8
}

13:11:05.101 [Test worker] DEBUG com.intuit.karate - request:
1 > GET http://api.geonames.org/timezoneJSON?lng=80&formatted=true&lat=-75&username=karate
1 > Host: api.geonames.org
1 > Connection: Keep-Alive
1 > User-Agent: Apache-HttpClient/4.5.13 (Java/11.0.14.1)
1 > Accept-Encoding: gzip,deflate


13:11:05.420 [Test worker] DEBUG com.intuit.karate - response time in milliseconds: 319
1 < 200
1 < Date: Tue, 02 Jan 2024 19:11:05 GMT
1 < Server: Apache/2.4.6 (CentOS) mod_jk/1.2.41 OpenSSL/1.0.1e-fips PHP/5.4.16
1 < Access-Control-Allow-Origin: *
1 < X-Frame-Options: sameorigin
1 < Cache-Control: no-cache
1 < Keep-Alive: timeout=5, max=100
1 < Connection: Keep-Alive
1 < Transfer-Encoding: chunked
1 < Content-Type: application/json;charset=UTF-8
{
  "lng": 80,
  "countryCode": "AQ",
  "gmtOffset": 7,
  "rawOffset": 7,
  "timezoneId": "Antarctica/Davis",
  "dstOffset": 7,
  "countryName": "Antarctica",
  "time": "2024-01-03 02:11",
  "lat": -75
}

13:11:05.473 [Test worker] DEBUG com.intuit.karate - request:
1 > GET http://api.geonames.org/timezoneJSON?lng=-74&formatted=true&lat=4&username=karate
1 > Host: api.geonames.org
1 > Connection: Keep-Alive
1 > User-Agent: Apache-HttpClient/4.5.13 (Java/11.0.14.1)
1 > Accept-Encoding: gzip,deflate


13:11:05.898 [Test worker] DEBUG com.intuit.karate - response time in milliseconds: 425
1 < 200
1 < Date: Tue, 02 Jan 2024 19:11:05 GMT
1 < Server: Apache/2.4.6 (CentOS) mod_jk/1.2.41 OpenSSL/1.0.1e-fips PHP/5.4.16
1 < Access-Control-Allow-Origin: *
1 < X-Frame-Options: sameorigin
1 < Cache-Control: no-cache
1 < Keep-Alive: timeout=5, max=100
1 < Connection: Keep-Alive
1 < Transfer-Encoding: chunked
1 < Content-Type: application/json;charset=UTF-8
{
  "sunrise": "2024-01-02 06:02",
  "lng": -74,
  "countryCode": "CO",
  "gmtOffset": -5,
  "rawOffset": -5,
  "sunset": "2024-01-02 17:56",
  "timezoneId": "America/Bogota",
  "dstOffset": -5,
  "countryName": "Colombia",
  "time": "2024-01-02 14:11",
  "lat": 4
}

13:11:05.968 [Test worker] DEBUG com.intuit.karate - request:
1 > GET http://api.geonames.org/timezoneJSON?lng=-72&formatted=true&lat=%C3%B1&username=karate
1 > Host: api.geonames.org
1 > Connection: Keep-Alive
1 > User-Agent: Apache-HttpClient/4.5.13 (Java/11.0.14.1)
1 > Accept-Encoding: gzip,deflate


13:11:06.360 [Test worker] DEBUG com.intuit.karate - response time in milliseconds: 391
1 < 200
1 < Date: Tue, 02 Jan 2024 19:11:06 GMT
1 < Server: Apache/2.4.6 (CentOS) mod_jk/1.2.41 OpenSSL/1.0.1e-fips PHP/5.4.16
1 < Access-Control-Allow-Origin: *
1 < X-Frame-Options: sameorigin
1 < Cache-Control: no-cache
1 < Content-Length: 69
1 < Keep-Alive: timeout=5, max=100
1 < Connection: Keep-Alive
1 < Content-Type: application/json;charset=UTF-8
{"status": {
  "message": "error parsing parameter",
  "value": 14
}}

13:11:06.422 [Test worker] DEBUG com.intuit.karate - request:
1 > GET http://api.geonames.org/timezoneJSON?lng=a&formatted=true&lat=8&username=karate
1 > Host: api.geonames.org
1 > Connection: Keep-Alive
1 > User-Agent: Apache-HttpClient/4.5.13 (Java/11.0.14.1)
1 > Accept-Encoding: gzip,deflate


13:11:06.856 [Test worker] DEBUG com.intuit.karate - response time in milliseconds: 432
1 < 200
1 < Date: Tue, 02 Jan 2024 19:11:06 GMT
1 < Server: Apache/2.4.6 (CentOS) mod_jk/1.2.41 OpenSSL/1.0.1e-fips PHP/5.4.16
1 < Access-Control-Allow-Origin: *
1 < X-Frame-Options: sameorigin
1 < Cache-Control: no-cache
1 < Content-Length: 69
1 < Keep-Alive: timeout=5, max=100
1 < Connection: Keep-Alive
1 < Content-Type: application/json;charset=UTF-8
{"status": {
  "message": "error parsing parameter",
  "value": 14
}}

13:11:06.910 [Test worker] DEBUG com.intuit.karate - request:
1 > GET http://api.geonames.org/timezoneJSON?lng=-5&formatted=true&lat=.&username=karate
1 > Host: api.geonames.org
1 > Connection: Keep-Alive
1 > User-Agent: Apache-HttpClient/4.5.13 (Java/11.0.14.1)
1 > Accept-Encoding: gzip,deflate


13:11:07.360 [Test worker] DEBUG com.intuit.karate - response time in milliseconds: 449
1 < 200
1 < Date: Tue, 02 Jan 2024 19:11:07 GMT
1 < Server: Apache/2.4.6 (CentOS) mod_jk/1.2.41 OpenSSL/1.0.1e-fips PHP/5.4.16
1 < Access-Control-Allow-Origin: *
1 < X-Frame-Options: sameorigin
1 < Cache-Control: no-cache
1 < Content-Length: 69
1 < Keep-Alive: timeout=5, max=100
1 < Connection: Keep-Alive
1 < Content-Type: application/json;charset=UTF-8
{"status": {
  "message": "error parsing parameter",
  "value": 14
}}

13:11:07.436 [Test worker] DEBUG com.intuit.karate - request:
1 > GET http://api.geonames.org/timezoneJSON?lng=aas&formatted=true&lat=%25%26%24&username=karate
1 > Host: api.geonames.org
1 > Connection: Keep-Alive
1 > User-Agent: Apache-HttpClient/4.5.13 (Java/11.0.14.1)
1 > Accept-Encoding: gzip,deflate


13:11:07.797 [Test worker] DEBUG com.intuit.karate - response time in milliseconds: 358
1 < 200
1 < Date: Tue, 02 Jan 2024 19:11:07 GMT
1 < Server: Apache/2.4.6 (CentOS) mod_jk/1.2.41 OpenSSL/1.0.1e-fips PHP/5.4.16
1 < Access-Control-Allow-Origin: *
1 < X-Frame-Options: sameorigin
1 < Cache-Control: no-cache
1 < Content-Length: 69
1 < Keep-Alive: timeout=5, max=100
1 < Connection: Keep-Alive
1 < Content-Type: application/json;charset=UTF-8
{"status": {
  "message": "error parsing parameter",
  "value": 14
}}

13:11:07.841 [Test worker] DEBUG com.intuit.karate - request:
1 > GET http://api.geonames.org/timezoneJSON?lng=-a8f&formatted=true&lat=8&username=karate
1 > Host: api.geonames.org
1 > Connection: Keep-Alive
1 > User-Agent: Apache-HttpClient/4.5.13 (Java/11.0.14.1)
1 > Accept-Encoding: gzip,deflate


13:11:08.224 [Test worker] DEBUG com.intuit.karate - response time in milliseconds: 381
1 < 200
1 < Date: Tue, 02 Jan 2024 19:11:08 GMT
1 < Server: Apache/2.4.6 (CentOS) mod_jk/1.2.41 OpenSSL/1.0.1e-fips PHP/5.4.16
1 < Access-Control-Allow-Origin: *
1 < X-Frame-Options: sameorigin
1 < Cache-Control: no-cache
1 < Content-Length: 69
1 < Keep-Alive: timeout=5, max=100
1 < Connection: Keep-Alive
1 < Content-Type: application/json;charset=UTF-8
{"status": {
  "message": "error parsing parameter",
  "value": 14
}}

13:11:08.275 [Test worker] DEBUG com.intuit.karate - request:
1 > GET http://api.geonames.org/timezoneJSON?lng=70&formatted=true&lat=90&username=karate
1 > Host: api.geonames.org
1 > Connection: Keep-Alive
1 > User-Agent: Apache-HttpClient/4.5.13 (Java/11.0.14.1)
1 > Accept-Encoding: gzip,deflate


13:11:08.697 [Test worker] DEBUG com.intuit.karate - response time in milliseconds: 414
1 < 200
1 < Date: Tue, 02 Jan 2024 19:11:08 GMT
1 < Server: Apache/2.4.6 (CentOS) mod_jk/1.2.41 OpenSSL/1.0.1e-fips PHP/5.4.16
1 < Access-Control-Allow-Origin: *
1 < X-Frame-Options: sameorigin
1 < Cache-Control: no-cache
1 < Content-Length: 87
1 < Keep-Alive: timeout=5, max=100
1 < Connection: Keep-Alive
1 < Content-Type: application/json;charset=UTF-8
{"status": {
  "message": "no timezone information found for lat/lng",
  "value": 15
}}

13:11:08.746 [Test worker] DEBUG com.intuit.karate - request:
1 > GET http://api.geonames.org/timezoneJSON?lng=99&formatted=true&lat=90&username=karate
1 > Host: api.geonames.org
1 > Connection: Keep-Alive
1 > User-Agent: Apache-HttpClient/4.5.13 (Java/11.0.14.1)
1 > Accept-Encoding: gzip,deflate


13:11:09.108 [Test worker] DEBUG com.intuit.karate - response time in milliseconds: 360
1 < 200
1 < Date: Tue, 02 Jan 2024 19:11:08 GMT
1 < Server: Apache/2.4.6 (CentOS) mod_jk/1.2.41 OpenSSL/1.0.1e-fips PHP/5.4.16
1 < Access-Control-Allow-Origin: *
1 < X-Frame-Options: sameorigin
1 < Cache-Control: no-cache
1 < Content-Length: 87
1 < Keep-Alive: timeout=5, max=100
1 < Connection: Keep-Alive
1 < Content-Type: application/json;charset=UTF-8
{"status": {
  "message": "no timezone information found for lat/lng",
  "value": 15
}}

13:11:09.158 [Test worker] DEBUG com.intuit.karate - request:
1 > GET http://api.geonames.org/timezoneJSON?lng=901&formatted=true&lat=81&username=karate
1 > Host: api.geonames.org
1 > Connection: Keep-Alive
1 > User-Agent: Apache-HttpClient/4.5.13 (Java/11.0.14.1)
1 > Accept-Encoding: gzip,deflate


13:11:09.618 [Test worker] DEBUG com.intuit.karate - response time in milliseconds: 458
1 < 200
1 < Date: Tue, 02 Jan 2024 19:11:09 GMT
1 < Server: Apache/2.4.6 (CentOS) mod_jk/1.2.41 OpenSSL/1.0.1e-fips PHP/5.4.16
1 < Access-Control-Allow-Origin: *
1 < X-Frame-Options: sameorigin
1 < Cache-Control: no-cache
1 < Content-Length: 61
1 < Keep-Alive: timeout=5, max=100
1 < Connection: Keep-Alive
1 < Content-Type: application/json;charset=UTF-8
{"status": {
  "message": "invalid lat/lng",
  "value": 14
}}

13:11:09.634 [Test worker] DEBUG com.intuit.karate - request:
1 > GET http://api.geonames.org/timezoneJSON?lng=801&formatted=true&lat=700&username=karate
1 > Host: api.geonames.org
1 > Connection: Keep-Alive
1 > User-Agent: Apache-HttpClient/4.5.13 (Java/11.0.14.1)
1 > Accept-Encoding: gzip,deflate


13:11:10.024 [Test worker] DEBUG com.intuit.karate - response time in milliseconds: 389
1 < 200
1 < Date: Tue, 02 Jan 2024 19:11:09 GMT
1 < Server: Apache/2.4.6 (CentOS) mod_jk/1.2.41 OpenSSL/1.0.1e-fips PHP/5.4.16
1 < Access-Control-Allow-Origin: *
1 < X-Frame-Options: sameorigin
1 < Cache-Control: no-cache
1 < Content-Length: 61
1 < Keep-Alive: timeout=5, max=100
1 < Connection: Keep-Alive
1 < Content-Type: application/json;charset=UTF-8
{"status": {
  "message": "invalid lat/lng",
  "value": 14
}}

---------------------------------------------------------
feature: classpath:geonames/get/geographical-data-get.feature
scenarios: 16 | passed: 16 | failed:  0 | time: 8.5197
---------------------------------------------------------

Karate version: 1.3.1
======================================================
elapsed:  12.46 | threads:    1 | thread time: 8.52 
features:     1 | skipped:    0 | efficiency: 0.68
scenarios:   16 | passed:    16 | failed: 0
======================================================

HTML report: (paste into browser to view) | Karate version: 1.3.1
file:///home/mcarnine/dev/KarateGradle/build/karate-reports/karate-summary.html
===================================================================

]]></system-out>
  <system-err><![CDATA[]]></system-err>
</testsuite>
